[WARN ] 2019-10-23 22:31:32.758 [restartedMain] WebSocketHandlerMapping - Neither 'urlMap' nor 'mappings' set on SimpleUrlHandlerMapping
[WARN ] 2019-10-23 22:34:05.522 [restartedMain] WebSocketHandlerMapping - Neither 'urlMap' nor 'mappings' set on SimpleUrlHandlerMapping
[WARN ] 2019-10-23 22:35:14.076 [restartedMain] WebSocketHandlerMapping - Neither 'urlMap' nor 'mappings' set on SimpleUrlHandlerMapping
[WARN ] 2019-10-23 22:38:10.676 [restartedMain] WebSocketHandlerMapping - Neither 'urlMap' nor 'mappings' set on SimpleUrlHandlerMapping
[WARN ] 2019-10-23 22:41:46.111 [http-nio-8080-exec-1] ExceptionHandlerExceptionResolver - Resolved exception caused by Handler execution: touchsoft.exception.CustomException: The user doesn't exist
[WARN ] 2019-10-23 22:43:17.109 [restartedMain] WebSocketHandlerMapping - Neither 'urlMap' nor 'mappings' set on SimpleUrlHandlerMapping
[WARN ] 2019-10-23 22:52:36.707 [restartedMain] WebSocketHandlerMapping - Neither 'urlMap' nor 'mappings' set on SimpleUrlHandlerMapping
[WARN ] 2019-10-23 22:53:47.079 [restartedMain] WebSocketHandlerMapping - Neither 'urlMap' nor 'mappings' set on SimpleUrlHandlerMapping
[WARN ] 2019-10-23 22:55:04.285 [restartedMain] WebSocketHandlerMapping - Neither 'urlMap' nor 'mappings' set on SimpleUrlHandlerMapping
[WARN ] 2019-10-23 23:20:55.369 [http-nio-8080-exec-6] ExceptionHandlerExceptionResolver - Resolved exception caused by Handler execution: touchsoft.exception.CustomException: Username is already in use
[WARN ] 2019-10-23 23:33:55.812 [restartedMain] WebSocketHandlerMapping - Neither 'urlMap' nor 'mappings' set on SimpleUrlHandlerMapping
[WARN ] 2019-10-23 23:36:12.009 [http-nio-8080-exec-2] ExceptionHandlerExceptionResolver - Resolved exception caused by Handler execution: java.lang.NullPointerException
[WARN ] 2019-10-23 23:36:39.663 [http-nio-8080-exec-3] ExceptionHandlerExceptionResolver - Resolved exception caused by Handler execution: java.lang.NullPointerException
[WARN ] 2019-10-23 23:36:57.829 [http-nio-8080-exec-5] ExceptionHandlerExceptionResolver - Resolved exception caused by Handler execution: java.lang.NullPointerException
[WARN ] 2019-10-23 23:37:00.670 [http-nio-8080-exec-6] ExceptionHandlerExceptionResolver - Resolved exception caused by Handler execution: java.lang.NullPointerException
[WARN ] 2019-10-23 23:37:13.678 [http-nio-8080-exec-1] ExceptionHandlerExceptionResolver - Resolved exception caused by Handler execution: java.lang.NullPointerException
[WARN ] 2019-10-23 23:38:41.401 [http-nio-8080-exec-1] ExceptionHandlerExceptionResolver - Resolved exception caused by Handler execution: java.lang.NullPointerException
[WARN ] 2019-10-23 23:47:01.874 [restartedMain] WebSocketHandlerMapping - Neither 'urlMap' nor 'mappings' set on SimpleUrlHandlerMapping
[WARN ] 2019-10-23 23:48:28.694 [restartedMain] WebSocketHandlerMapping - Neither 'urlMap' nor 'mappings' set on SimpleUrlHandlerMapping
[WARN ] 2019-10-23 23:50:52.974 [http-nio-8080-exec-2] ExceptionHandlerExceptionResolver - Resolved exception caused by Handler execution: java.lang.NullPointerException
[WARN ] 2019-10-23 23:51:23.783 [http-nio-8080-exec-4] ExceptionHandlerExceptionResolver - Resolved exception caused by Handler execution: java.lang.NullPointerException
[WARN ] 2019-10-23 23:52:59.847 [restartedMain] WebSocketHandlerMapping - Neither 'urlMap' nor 'mappings' set on SimpleUrlHandlerMapping
[WARN ] 2019-10-23 23:53:35.147 [http-nio-8080-exec-2] ExceptionHandlerExceptionResolver - Resolved exception caused by Handler execution: java.lang.NullPointerException
[WARN ] 2019-10-23 23:53:35.159 [http-nio-8080-exec-2] ExceptionHandlerExceptionResolver - Resolved exception caused by Handler execution: org.springframework.web.HttpMediaTypeNotAcceptableException: Could not find acceptable representation
[WARN ] 2019-10-23 23:54:04.295 [http-nio-8080-exec-3] ExceptionHandlerExceptionResolver - Resolved exception caused by Handler execution: java.lang.NullPointerException
[WARN ] 2019-10-23 23:54:04.302 [http-nio-8080-exec-3] ExceptionHandlerExceptionResolver - Resolved exception caused by Handler execution: org.springframework.web.HttpMediaTypeNotAcceptableException: Could not find acceptable representation
[WARN ] 2019-10-23 23:55:03.551 [restartedMain] WebSocketHandlerMapping - Neither 'urlMap' nor 'mappings' set on SimpleUrlHandlerMapping
[WARN ] 2019-10-23 23:56:39.063 [http-nio-8080-exec-8] ExceptionHandlerExceptionResolver - Resolved exception caused by Handler execution: java.lang.NullPointerException
[WARN ] 2019-10-23 23:58:10.605 [restartedMain] WebSocketHandlerMapping - Neither 'urlMap' nor 'mappings' set on SimpleUrlHandlerMapping
[WARN ] 2019-10-24 00:00:32.510 [restartedMain] WebSocketHandlerMapping - Neither 'urlMap' nor 'mappings' set on SimpleUrlHandlerMapping
[WARN ] 2019-10-24 00:02:19.204 [http-nio-8080-exec-1] ExceptionHandlerExceptionResolver - Resolved exception caused by Handler execution: java.lang.NullPointerException
[WARN ] 2019-10-24 00:02:19.212 [http-nio-8080-exec-1] ExceptionHandlerExceptionResolver - Resolved exception caused by Handler execution: org.springframework.web.HttpMediaTypeNotAcceptableException: Could not find acceptable representation
[WARN ] 2019-10-24 00:03:43.658 [http-nio-8080-exec-3] ExceptionHandlerExceptionResolver - Resolved exception caused by Handler execution: java.lang.NullPointerException
[WARN ] 2019-10-24 00:03:43.662 [http-nio-8080-exec-3] ExceptionHandlerExceptionResolver - Resolved exception caused by Handler execution: org.springframework.web.HttpMediaTypeNotAcceptableException: Could not find acceptable representation
[WARN ] 2019-10-24 00:04:47.076 [restartedMain] WebSocketHandlerMapping - Neither 'urlMap' nor 'mappings' set on SimpleUrlHandlerMapping
[WARN ] 2019-10-24 00:05:29.890 [http-nio-8080-exec-2] ExceptionHandlerExceptionResolver - Resolved exception caused by Handler execution: java.lang.NullPointerException
[WARN ] 2019-10-24 00:05:29.901 [http-nio-8080-exec-2] ExceptionHandlerExceptionResolver - Resolved exception caused by Handler execution: org.springframework.web.HttpMediaTypeNotAcceptableException: Could not find acceptable representation
[WARN ] 2019-10-24 00:07:04.282 [http-nio-8080-exec-1] ExceptionHandlerExceptionResolver - Resolved exception caused by Handler execution: org.springframework.web.HttpMediaTypeNotAcceptableException: Could not find acceptable representation
[WARN ] 2019-10-24 00:07:37.894 [restartedMain] WebSocketHandlerMapping - Neither 'urlMap' nor 'mappings' set on SimpleUrlHandlerMapping
[WARN ] 2019-10-24 00:11:29.921 [restartedMain] WebSocketHandlerMapping - Neither 'urlMap' nor 'mappings' set on SimpleUrlHandlerMapping
[WARN ] 2019-10-24 00:15:40.856 [http-nio-8080-exec-1] ExceptionHandlerExceptionResolver - Resolved exception caused by Handler execution: touchsoft.exception.CustomException: Username is already in use
[WARN ] 2019-10-24 00:19:03.489 [restartedMain] WebSocketHandlerMapping - Neither 'urlMap' nor 'mappings' set on SimpleUrlHandlerMapping
[WARN ] 2019-10-24 00:27:17.072 [restartedMain] WebSocketHandlerMapping - Neither 'urlMap' nor 'mappings' set on SimpleUrlHandlerMapping
[WARN ] 2019-10-24 00:28:21.177 [restartedMain] WebSocketHandlerMapping - Neither 'urlMap' nor 'mappings' set on SimpleUrlHandlerMapping
[WARN ] 2019-10-24 00:29:53.328 [restartedMain] WebSocketHandlerMapping - Neither 'urlMap' nor 'mappings' set on SimpleUrlHandlerMapping
[WARN ] 2019-10-24 00:35:20.143 [restartedMain] WebSocketHandlerMapping - Neither 'urlMap' nor 'mappings' set on SimpleUrlHandlerMapping
[WARN ] 2019-10-24 00:42:34.557 [restartedMain] WebSocketHandlerMapping - Neither 'urlMap' nor 'mappings' set on SimpleUrlHandlerMapping
[WARN ] 2019-10-24 00:43:45.889 [http-nio-8080-exec-8] ExceptionHandlerExceptionResolver - Resolved exception caused by Handler execution: org.springframework.http.converter.HttpMessageNotReadableException: JSON parse error: Can not deserialize value of type touchsoft.model.Role from String "client": value not one of declared Enum instance names: [ROLE_AGENT, ROLE_CLIENT]; nested exception is com.fasterxml.jackson.databind.exc.InvalidFormatException: Can not deserialize value of type touchsoft.model.Role from String "client": value not one of declared Enum instance names: [ROLE_AGENT, ROLE_CLIENT]
 at [Source: java.io.PushbackInputStream@1814949; line: 1, column: 51] (through reference chain: touchsoft.dto.UserDataDTO["roles"]->java.util.ArrayList[0])
[WARN ] 2019-10-24 00:44:05.457 [http-nio-8080-exec-9] ExceptionHandlerExceptionResolver - Resolved exception caused by Handler execution: org.springframework.http.converter.HttpMessageNotReadableException: JSON parse error: Can not deserialize value of type touchsoft.model.Role from String "client": value not one of declared Enum instance names: [ROLE_AGENT, ROLE_CLIENT]; nested exception is com.fasterxml.jackson.databind.exc.InvalidFormatException: Can not deserialize value of type touchsoft.model.Role from String "client": value not one of declared Enum instance names: [ROLE_AGENT, ROLE_CLIENT]
 at [Source: java.io.PushbackInputStream@573c2f; line: 1, column: 51] (through reference chain: touchsoft.dto.UserDataDTO["roles"]->java.util.ArrayList[0])
[WARN ] 2019-10-24 00:44:23.060 [http-nio-8080-exec-10] ExceptionHandlerExceptionResolver - Resolved exception caused by Handler execution: org.springframework.http.converter.HttpMessageNotReadableException: JSON parse error: Can not deserialize value of type touchsoft.model.Role from String "client": value not one of declared Enum instance names: [ROLE_AGENT, ROLE_CLIENT]; nested exception is com.fasterxml.jackson.databind.exc.InvalidFormatException: Can not deserialize value of type touchsoft.model.Role from String "client": value not one of declared Enum instance names: [ROLE_AGENT, ROLE_CLIENT]
 at [Source: java.io.PushbackInputStream@538c4d; line: 1, column: 51] (through reference chain: touchsoft.dto.UserDataDTO["roles"]->java.util.ArrayList[0])
[WARN ] 2019-10-24 00:44:27.943 [http-nio-8080-exec-1] ExceptionHandlerExceptionResolver - Resolved exception caused by Handler execution: org.springframework.web.HttpRequestMethodNotSupportedException: Request method 'GET' not supported
[WARN ] 2019-10-24 00:46:26.156 [restartedMain] WebSocketHandlerMapping - Neither 'urlMap' nor 'mappings' set on SimpleUrlHandlerMapping
[WARN ] 2019-10-24 00:47:03.115 [http-nio-8080-exec-1] ExceptionHandlerExceptionResolver - Resolved exception caused by Handler execution: org.springframework.http.converter.HttpMessageNotReadableException: JSON parse error: Can not deserialize value of type touchsoft.model.Role from String "client": value not one of declared Enum instance names: [ROLE_AGENT, ROLE_CLIENT]; nested exception is com.fasterxml.jackson.databind.exc.InvalidFormatException: Can not deserialize value of type touchsoft.model.Role from String "client": value not one of declared Enum instance names: [ROLE_AGENT, ROLE_CLIENT]
 at [Source: java.io.PushbackInputStream@1f75fba; line: 1, column: 51] (through reference chain: touchsoft.dto.UserDataDTO["roles"]->java.util.ArrayList[0])
[WARN ] 2019-10-24 00:47:18.725 [http-nio-8080-exec-2] ExceptionHandlerExceptionResolver - Resolved exception caused by Handler execution: org.springframework.http.converter.HttpMessageNotReadableException: JSON parse error: Can not deserialize value of type touchsoft.model.Role from String "client": value not one of declared Enum instance names: [ROLE_AGENT, ROLE_CLIENT]; nested exception is com.fasterxml.jackson.databind.exc.InvalidFormatException: Can not deserialize value of type touchsoft.model.Role from String "client": value not one of declared Enum instance names: [ROLE_AGENT, ROLE_CLIENT]
 at [Source: java.io.PushbackInputStream@16bbdac; line: 1, column: 51] (through reference chain: touchsoft.dto.UserDataDTO["roles"]->java.util.ArrayList[0])
[WARN ] 2019-10-24 00:51:38.236 [restartedMain] WebSocketHandlerMapping - Neither 'urlMap' nor 'mappings' set on SimpleUrlHandlerMapping
[WARN ] 2019-10-24 00:52:23.094 [http-nio-8080-exec-7] ExceptionHandlerExceptionResolver - Resolved exception caused by Handler execution: org.springframework.http.converter.HttpMessageNotReadableException: JSON parse error: Can not deserialize value of type touchsoft.model.Role from String "client": value not one of declared Enum instance names: [ROLE_AGENT, ROLE_CLIENT]; nested exception is com.fasterxml.jackson.databind.exc.InvalidFormatException: Can not deserialize value of type touchsoft.model.Role from String "client": value not one of declared Enum instance names: [ROLE_AGENT, ROLE_CLIENT]
 at [Source: java.io.PushbackInputStream@125a49; line: 1, column: 51] (through reference chain: touchsoft.dto.UserDataDTO["roles"]->java.util.ArrayList[0])
[WARN ] 2019-10-24 00:52:31.728 [http-nio-8080-exec-9] ExceptionHandlerExceptionResolver - Resolved exception caused by Handler execution: org.springframework.web.HttpRequestMethodNotSupportedException: Request method 'GET' not supported
[WARN ] 2019-10-24 00:52:46.747 [http-nio-8080-exec-1] ExceptionHandlerExceptionResolver - Resolved exception caused by Handler execution: org.springframework.http.converter.HttpMessageNotReadableException: JSON parse error: Can not deserialize value of type touchsoft.model.Role from String "client": value not one of declared Enum instance names: [ROLE_AGENT, ROLE_CLIENT]; nested exception is com.fasterxml.jackson.databind.exc.InvalidFormatException: Can not deserialize value of type touchsoft.model.Role from String "client": value not one of declared Enum instance names: [ROLE_AGENT, ROLE_CLIENT]
 at [Source: java.io.PushbackInputStream@9bcf4e; line: 1, column: 51] (through reference chain: touchsoft.dto.UserDataDTO["roles"]->java.util.ArrayList[0])
[WARN ] 2019-10-24 00:53:54.969 [restartedMain] WebSocketHandlerMapping - Neither 'urlMap' nor 'mappings' set on SimpleUrlHandlerMapping
[WARN ] 2019-10-24 00:54:37.130 [http-nio-8080-exec-1] ExceptionHandlerExceptionResolver - Resolved exception caused by Handler execution: touchsoft.exception.CustomException: The user doesn't exist
[WARN ] 2019-10-24 00:54:47.633 [http-nio-8080-exec-2] ExceptionHandlerExceptionResolver - Resolved exception caused by Handler execution: org.springframework.http.converter.HttpMessageNotReadableException: JSON parse error: Can not deserialize value of type touchsoft.model.Role from String "client": value not one of declared Enum instance names: [ROLE_AGENT, ROLE_CLIENT]; nested exception is com.fasterxml.jackson.databind.exc.InvalidFormatException: Can not deserialize value of type touchsoft.model.Role from String "client": value not one of declared Enum instance names: [ROLE_AGENT, ROLE_CLIENT]
 at [Source: java.io.PushbackInputStream@5c9122; line: 1, column: 51] (through reference chain: touchsoft.dto.UserDataDTO["roles"]->java.util.ArrayList[0])
[WARN ] 2019-10-24 00:57:09.988 [restartedMain] WebSocketHandlerMapping - Neither 'urlMap' nor 'mappings' set on SimpleUrlHandlerMapping
[WARN ] 2019-10-24 00:57:35.028 [http-nio-8080-exec-1] ExceptionHandlerExceptionResolver - Resolved exception caused by Handler execution: org.springframework.http.converter.HttpMessageNotReadableException: JSON parse error: Can not deserialize value of type touchsoft.model.Role from String "client": value not one of declared Enum instance names: [ROLE_AGENT, ROLE_CLIENT]; nested exception is com.fasterxml.jackson.databind.exc.InvalidFormatException: Can not deserialize value of type touchsoft.model.Role from String "client": value not one of declared Enum instance names: [ROLE_AGENT, ROLE_CLIENT]
 at [Source: java.io.PushbackInputStream@18375a3; line: 1, column: 51] (through reference chain: touchsoft.dto.UserDataDTO["roles"]->java.util.ArrayList[0])
[WARN ] 2019-10-24 00:57:42.139 [http-nio-8080-exec-2] ExceptionHandlerExceptionResolver - Resolved exception caused by Handler execution: org.springframework.http.converter.HttpMessageNotReadableException: JSON parse error: Can not deserialize value of type touchsoft.model.Role from String "client": value not one of declared Enum instance names: [ROLE_AGENT, ROLE_CLIENT]; nested exception is com.fasterxml.jackson.databind.exc.InvalidFormatException: Can not deserialize value of type touchsoft.model.Role from String "client": value not one of declared Enum instance names: [ROLE_AGENT, ROLE_CLIENT]
 at [Source: java.io.PushbackInputStream@1923512; line: 1, column: 51] (through reference chain: touchsoft.dto.UserDataDTO["roles"]->java.util.ArrayList[0])
[WARN ] 2019-10-24 00:57:46.697 [http-nio-8080-exec-3] ExceptionHandlerExceptionResolver - Resolved exception caused by Handler execution: org.springframework.web.HttpRequestMethodNotSupportedException: Request method 'GET' not supported
[WARN ] 2019-10-24 00:59:10.783 [restartedMain] WebSocketHandlerMapping - Neither 'urlMap' nor 'mappings' set on SimpleUrlHandlerMapping
[WARN ] 2019-10-24 01:00:58.332 [restartedMain] WebSocketHandlerMapping - Neither 'urlMap' nor 'mappings' set on SimpleUrlHandlerMapping
[WARN ] 2019-10-24 01:03:50.992 [restartedMain] WebSocketHandlerMapping - Neither 'urlMap' nor 'mappings' set on SimpleUrlHandlerMapping
[WARN ] 2019-10-24 01:07:33.681 [restartedMain] WebSocketHandlerMapping - Neither 'urlMap' nor 'mappings' set on SimpleUrlHandlerMapping
[WARN ] 2019-10-24 01:10:49.591 [restartedMain] WebSocketHandlerMapping - Neither 'urlMap' nor 'mappings' set on SimpleUrlHandlerMapping
[WARN ] 2019-10-24 01:12:12.139 [restartedMain] WebSocketHandlerMapping - Neither 'urlMap' nor 'mappings' set on SimpleUrlHandlerMapping
[WARN ] 2019-10-24 01:17:11.035 [restartedMain] WebSocketHandlerMapping - Neither 'urlMap' nor 'mappings' set on SimpleUrlHandlerMapping
[WARN ] 2019-10-24 01:36:06.516 [restartedMain] WebSocketHandlerMapping - Neither 'urlMap' nor 'mappings' set on SimpleUrlHandlerMapping
[WARN ] 2019-10-24 01:49:49.303 [restartedMain] WebSocketHandlerMapping - Neither 'urlMap' nor 'mappings' set on SimpleUrlHandlerMapping
[WARN ] 2019-10-24 01:53:57.174 [restartedMain] WebSocketHandlerMapping - Neither 'urlMap' nor 'mappings' set on SimpleUrlHandlerMapping
[WARN ] 2019-10-24 01:59:37.814 [restartedMain] WebSocketHandlerMapping - Neither 'urlMap' nor 'mappings' set on SimpleUrlHandlerMapping
[WARN ] 2019-10-24 02:23:48.121 [restartedMain] WebSocketHandlerMapping - Neither 'urlMap' nor 'mappings' set on SimpleUrlHandlerMapping
[WARN ] 2019-10-24 02:30:17.678 [restartedMain] WebSocketHandlerMapping - Neither 'urlMap' nor 'mappings' set on SimpleUrlHandlerMapping
[WARN ] 2019-10-24 02:33:05.062 [restartedMain] WebSocketHandlerMapping - Neither 'urlMap' nor 'mappings' set on SimpleUrlHandlerMapping
[WARN ] 2019-10-24 02:36:20.301 [restartedMain] WebSocketHandlerMapping - Neither 'urlMap' nor 'mappings' set on SimpleUrlHandlerMapping
[WARN ] 2019-10-24 16:56:57.144 [restartedMain] WebSocketHandlerMapping - Neither 'urlMap' nor 'mappings' set on SimpleUrlHandlerMapping
[WARN ] 2019-10-24 17:03:18.958 [restartedMain] WebSocketHandlerMapping - Neither 'urlMap' nor 'mappings' set on SimpleUrlHandlerMapping
[WARN ] 2019-10-24 17:06:30.600 [restartedMain] WebSocketHandlerMapping - Neither 'urlMap' nor 'mappings' set on SimpleUrlHandlerMapping
[WARN ] 2019-10-24 17:12:42.067 [http-nio-8080-exec-3] ExceptionHandlerExceptionResolver - Resolved exception caused by Handler execution: touchsoft.exception.CustomException: Username is already in use
[WARN ] 2019-10-24 17:18:25.321 [restartedMain] WebSocketHandlerMapping - Neither 'urlMap' nor 'mappings' set on SimpleUrlHandlerMapping
[WARN ] 2019-10-24 18:43:38.858 [restartedMain] WebSocketHandlerMapping - Neither 'urlMap' nor 'mappings' set on SimpleUrlHandlerMapping
[WARN ] 2019-10-24 19:11:26.207 [restartedMain] WebSocketHandlerMapping - Neither 'urlMap' nor 'mappings' set on SimpleUrlHandlerMapping
[WARN ] 2019-10-24 19:28:24.320 [http-nio-8080-exec-4] ExceptionHandlerExceptionResolver - Resolved exception caused by Handler execution: touchsoft.exception.CustomException: Username is already in use
[WARN ] 2019-10-24 19:40:36.420 [restartedMain] WebSocketHandlerMapping - Neither 'urlMap' nor 'mappings' set on SimpleUrlHandlerMapping
[WARN ] 2019-10-24 19:45:24.765 [http-nio-8080-exec-8] ExceptionHandlerExceptionResolver - Resolved exception caused by Handler execution: touchsoft.exception.CustomException: The user doesn't exist
[WARN ] 2019-10-24 19:52:57.968 [restartedMain] WebSocketHandlerMapping - Neither 'urlMap' nor 'mappings' set on SimpleUrlHandlerMapping
